<?xml version="1.0" encoding="UTF-8"?>
<testsuite
	xmlns:xsi="http://www.w3.org/2001/XMLSchema-instance"
	xsi:noNamespaceSchemaLocation="https://maven.apache.org/surefire/maven-surefire-plugin/xsd/surefire-test-report-3.0.xsd"
	version="3.0" name="com.blogspot.javaexp.AppTest" time="0.006"
	tests="1" errors="0" skipped="0" failures="0">
	<properties>
		<property name="java.specification.version" value="18" />
		<property name="sun.jnu.encoding" value="UTF-8" />
		<property name="java.class.path"
			value="/Users/sbhattacharjee/Siddhartharoot/Public/SiddXCode/gitrepos/public/core-java-ref/target/test-classes:/Users/sbhattacharjee/Siddhartharoot/Public/SiddXCode/gitrepos/public/core-java-ref/target/classes:/Users/sbhattacharjee/.m2/repository/junit/junit/3.8.1/junit-3.8.1.jar:" />
		<property name="java.vm.vendor" value="Oracle Corporation" />
		<property name="sun.arch.data.model" value="64" />
		<property name="java.vendor.url"
			value="https://java.oracle.com/" />
		<property name="os.name" value="Mac OS X" />
		<property name="java.vm.specification.version" value="18" />
		<property name="sun.java.launcher" value="SUN_STANDARD" />
		<property name="user.country" value="US" />
		<property name="sun.boot.library.path"
			value="/Library/Java/JavaVirtualMachines/jdk-18.0.1.1.jdk/Contents/Home/lib" />
		<property name="sun.java.command"
			value="/Users/sbhattacharjee/Siddhartharoot/Public/SiddXCode/gitrepos/public/core-java-ref/target/surefire/surefirebooter17147208091821389194.jar /Users/sbhattacharjee/Siddhartharoot/Public/SiddXCode/gitrepos/public/core-java-ref/target/surefire 2023-02-04T15-52-48_860-jvmRun1 surefire13192609673705646822tmp surefire_06529751644155755159tmp" />
		<property name="http.nonProxyHosts"
			value="local|*.local|169.254/16|*.169.254/16" />
		<property name="jdk.debug" value="release" />
		<property name="surefire.test.class.path"
			value="/Users/sbhattacharjee/Siddhartharoot/Public/SiddXCode/gitrepos/public/core-java-ref/target/test-classes:/Users/sbhattacharjee/Siddhartharoot/Public/SiddXCode/gitrepos/public/core-java-ref/target/classes:/Users/sbhattacharjee/.m2/repository/junit/junit/3.8.1/junit-3.8.1.jar:" />
		<property name="sun.cpu.endian" value="little" />
		<property name="user.home" value="/Users/sbhattacharjee" />
		<property name="user.language" value="en" />
		<property name="java.specification.vendor"
			value="Oracle Corporation" />
		<property name="java.version.date" value="2022-04-22" />
		<property name="java.home"
			value="/Library/Java/JavaVirtualMachines/jdk-18.0.1.1.jdk/Contents/Home" />
		<property name="file.separator" value="/" />
		<property name="basedir"
			value="/Users/sbhattacharjee/Siddhartharoot/Public/SiddXCode/gitrepos/public/core-java-ref" />
		<property name="java.vm.compressedOopsMode"
			value="Zero based" />
		<property name="line.separator" value="&#10;" />
		<property name="java.specification.name"
			value="Java Platform API Specification" />
		<property name="java.vm.specification.vendor"
			value="Oracle Corporation" />
		<property name="apple.awt.application.name"
			value="ForkedBooter" />
		<property name="surefire.real.class.path"
			value="/Users/sbhattacharjee/Siddhartharoot/Public/SiddXCode/gitrepos/public/core-java-ref/target/surefire/surefirebooter17147208091821389194.jar" />
		<property name="sun.management.compiler"
			value="HotSpot 64-Bit Tiered Compilers" />
		<property name="ftp.nonProxyHosts"
			value="local|*.local|169.254/16|*.169.254/16" />
		<property name="java.runtime.version" value="18.0.1.1+2-6" />
		<property name="user.name" value="sbhattacharjee" />
		<property name="path.separator" value=":" />
		<property name="os.version" value="12.2.1" />
		<property name="java.runtime.name"
			value="Java(TM) SE Runtime Environment" />
		<property name="file.encoding" value="UTF-8" />
		<property name="java.vm.name"
			value="Java HotSpot(TM) 64-Bit Server VM" />
		<property name="localRepository"
			value="/Users/sbhattacharjee/.m2/repository" />
		<property name="java.vendor.url.bug"
			value="https://bugreport.java.com/bugreport/" />
		<property name="java.io.tmpdir"
			value="/var/folders/xg/rz8wbwhx0ps1v0xccnwrcc8m0000gn/T/" />
		<property name="java.version" value="18.0.1.1" />
		<property name="user.dir"
			value="/Users/sbhattacharjee/Siddhartharoot/Public/SiddXCode/gitrepos/public/core-java-ref" />
		<property name="os.arch" value="aarch64" />
		<property name="java.vm.specification.name"
			value="Java Virtual Machine Specification" />
		<property name="native.encoding" value="UTF-8" />
		<property name="java.library.path"
			value="/Users/sbhattacharjee/Library/Java/Extensions:/Library/Java/Extensions:/Network/Library/Java/Extensions:/System/Library/Java/Extensions:/usr/lib/java:." />
		<property name="java.vm.info" value="mixed mode, sharing" />
		<property name="java.vendor" value="Oracle Corporation" />
		<property name="java.vm.version" value="18.0.1.1+2-6" />
		<property name="sun.io.unicode.encoding" value="UnicodeBig" />
		<property name="socksNonProxyHosts"
			value="local|*.local|169.254/16|*.169.254/16" />
		<property name="java.class.version" value="62.0" />
	</properties>
	<testcase name="testApp"
		classname="com.blogspot.javaexp.AppTest" time="0.001" />
</testsuite>